#
# There is insufficient memory for the Java Runtime Environment to continue.
# Native memory allocation (malloc) failed to allocate 1048576 bytes for AllocateHeap
# Possible reasons:
#   The system is out of physical RAM or swap space
#   The process is running with CompressedOops enabled, and the Java Heap may be blocking the growth of the native heap
# Possible solutions:
#   Reduce memory load on the system
#   Increase physical memory or swap space
#   Check if swap backing store is full
#   Decrease Java heap size (-Xmx/-Xms)
#   Decrease number of Java threads
#   Decrease Java thread stack sizes (-Xss)
#   Set larger code cache with -XX:ReservedCodeCacheSize=
#   JVM is running with Zero Based Compressed Oops mode in which the Java heap is
#     placed in the first 32GB address space. The Java Heap base address is the
#     maximum limit for the native heap growth. Please use -XX:HeapBaseMinAddress
#     to set the Java Heap base and to place the Java Heap above 32GB virtual address.
# This output file may be truncated or incomplete.
#
#  Out of Memory Error (./open/src/hotspot/share/memory/allocation.cpp:46), pid=4228, tid=12576
#
# JRE version: Java(TM) SE Runtime Environment 18.9 (11.0.11+9) (build 11.0.11+9-LTS-194)
# Java VM: Java HotSpot(TM) 64-Bit Server VM 18.9 (11.0.11+9-LTS-194, mixed mode, tiered, compressed oops, g1 gc, windows-amd64)
# No core dump will be written. Minidumps are not enabled by default on client versions of Windows
#

---------------  S U M M A R Y ------------

Command Line: -agentlib:jdwp=transport=dt_socket,address=127.0.0.1:59823,suspend=y,server=n -XX:TieredStopAtLevel=1 -Xverify:none -Dspring.output.ansi.enabled=always -javaagent:C:\Users\Asus\AppData\Local\JetBrains\IntelliJIdea2021.1\captureAgent\debugger-agent.jar -Dcom.sun.management.jmxremote -Dspring.jmx.enabled=true -Dspring.liveBeansView.mbeanDomain -Dspring.application.admin.enabled=true -Dfile.encoding=UTF-8 com.getir.readingisgood.readingisgood.ReadingIsGoodApplication

Host: Intel(R) Core(TM) i7-4720HQ CPU @ 2.60GHz, 8 cores, 11G,  Windows 10 , 64 bit Build 19041 (10.0.19041.1023)
Time: Thu Jul  8 20:23:26 2021 Türkiye Standart Saati elapsed time: 1.628349 seconds (0d 0h 0m 1s)

---------------  T H R E A D  ---------------

Current thread (0x000001cba74bb000):  VMThread "VM Thread" [stack: 0x0000001c42300000,0x0000001c42400000] [id=12576]

Stack: [0x0000001c42300000,0x0000001c42400000]
[error occurred during error reporting (printing stack bounds), id 0xc0000005, EXCEPTION_ACCESS_VIOLATION (0xc0000005) at pc=0x000001cb8dda0f2d]

Native frames: (J=compiled Java code, j=interpreted, Vv=VM code, C=native code)
V  [jvm.dll+0x616f2a]
V  [jvm.dll+0x74de7f]
V  [jvm.dll+0x74f505]
V  [jvm.dll+0x74fae5]
V  [jvm.dll+0x74fa9b]
V  [jvm.dll+0x616763]
V  [jvm.dll+0x616b28]
C  [ntdll.dll+0xa217f]
C  [ntdll.dll+0x51454]
C  [ntdll.dll+0xa0cae]
C  0x000001cb8dda0f2d

VM_Operation (0x0000001c41dfd210): CollectForMetadataAllocation, mode: safepoint, requested by thread 0x000001cb858ed000


---------------  P R O C E S S  ---------------

Threads class SMR info:
_java_thread_list=0x000001cba7ca8880, length=13, elements={
0x000001cb858ed000, 0x000001cba74bd000, 0x000001cba74e6000, 0x000001cba7538000,
0x000001cba753a000, 0x000001cba753b000, 0x000001cba7540000, 0x000001cba6c76000,
0x000001cba772a800, 0x000001cba772d800, 0x000001cba7738800, 0x000001cba7889000,
0x000001cba7cac000
}

Java Threads: ( => current thread )
  0x000001cb858ed000 JavaThread "main" [_thread_blocked, id=8372, stack(0x0000001c41d00000,0x0000001c41e00000)]
  0x000001cba74bd000 JavaThread "Reference Handler" daemon [_thread_blocked, id=14084, stack(0x0000001c42400000,0x0000001c42500000)]
  0x000001cba74e6000 JavaThread "Finalizer" daemon [_thread_blocked, id=3232, stack(0x0000001c42500000,0x0000001c42600000)]
  0x000001cba7538000 JavaThread "Signal Dispatcher" daemon [_thread_blocked, id=10864, stack(0x0000001c42600000,0x0000001c42700000)]
  0x000001cba753a000 JavaThread "Attach Listener" daemon [_thread_blocked, id=10092, stack(0x0000001c42700000,0x0000001c42800000)]
  0x000001cba753b000 JavaThread "C1 CompilerThread0" daemon [_thread_blocked, id=8252, stack(0x0000001c42800000,0x0000001c42900000)]
  0x000001cba7540000 JavaThread "Sweeper thread" daemon [_thread_blocked, id=9636, stack(0x0000001c42900000,0x0000001c42a00000)]
  0x000001cba6c76000 JavaThread "Common-Cleaner" daemon [_thread_blocked, id=472, stack(0x0000001c42a00000,0x0000001c42b00000)]
  0x000001cba772a800 JavaThread "JDWP Transport Listener: dt_socket" daemon [_thread_blocked, id=7388, stack(0x0000001c42b00000,0x0000001c42c00000)]
  0x000001cba772d800 JavaThread "JDWP Event Helper Thread" daemon [_thread_blocked, id=13688, stack(0x0000001c42c00000,0x0000001c42d00000)]
  0x000001cba7738800 JavaThread "JDWP Command Reader" daemon [_thread_in_native, id=3480, stack(0x0000001c42d00000,0x0000001c42e00000)]
  0x000001cba7889000 JavaThread "Service Thread" daemon [_thread_blocked, id=12720, stack(0x0000001c42e00000,0x0000001c42f00000)]
  0x000001cba7cac000 JavaThread "RMI TCP Accept-0" daemon [_thread_in_native, id=7600, stack(0x0000001c42f00000,0x0000001c43000000)]

Other Threads:
=>0x000001cba74bb000 VMThread "VM Thread" [stack: 0x0000001c42300000,0x0000001c42400000] [id=12576]
  0x000001cba7cd0000 WatcherThread [stack: 0x0000001c43000000,0x0000001c43100000] [id=5964]
  0x000001cb85903000 GCTaskThread "GC Thread#0" [stack: 0x0000001c41e00000,0x0000001c41f00000] [id=7980]
  0x000001cba8043800 GCTaskThread "GC Thread#1" [stack: 0x0000001c43100000,0x0000001c43200000] [id=4340]
  0x000001cba8086000 GCTaskThread "GC Thread#2" [stack: 0x0000001c43200000,0x0000001c43300000] [id=7984]
  0x000001cba80c2800 GCTaskThread "GC Thread#3" [stack: 0x0000001c43300000,0x0000001c43400000] [id=3012]
  0x000001cb8594b000 ConcurrentGCThread "G1 Main Marker" [stack: 0x0000001c41f00000,0x0000001c42000000] [id=9140]
  0x000001cb8594d800 ConcurrentGCThread "G1 Conc#0" [stack: 0x0000001c42000000,0x0000001c42100000] [id=11728]
  0x000001cba80c8000 ConcurrentGCThread "G1 Conc#1" [stack: 0x0000001c43500000,0x0000001c43600000] [id=13420]
  0x000001cba6b21000 ConcurrentGCThread "G1 Refine#0" [stack: 0x0000001c42100000,0x0000001c42200000] [id=1460]
  0x000001cba7888000 ConcurrentGCThread "G1 Refine#1" [stack: 0x0000001c43400000,0x0000001c43500000] [id=7224]
  0x000001cba6b23000 ConcurrentGCThread "G1 Young RemSet Sampling" [stack: 0x0000001c42200000,0x0000001c42300000] [id=13104]

Threads with active compile tasks:

VM state:at safepoint (normal execution)

VM Mutex/Monitor currently owned by a thread:  ([mutex/lock_event])
[0x000001cb858ea380] Threads_lock - owner thread: 0x000001cba74bb000
[0x000001cb858ea2f0] Heap_lock - owner thread: 0x000001cb858ed000

Heap address: 0x0000000741a00000, size: 3046 MB, Compressed Oops mode: Zero based, Oop shift amount: 3
Narrow klass base: 0x0000000800000000, Narrow klass shift: 0
Compressed class space size: 1073741824 Address: 0x0000000800000000

Heap:
 garbage-first heap   total 196608K, used 5636K [0x0000000741a00000, 0x0000000800000000)
  region size 1024K, 1 young (1024K), 1 survivors (1024K)
 Metaspace       used 14882K, capacity 15309K, committed 15360K, reserved 1077248K
  class space    used 1595K, capacity 1747K, committed 1792K, reserved 1048576K
Heap Regions: E=young(eden), S=young(survivor), O=old, HS=humongous(starts), HC=humongous(continues), CS=collection set, F=free, A=archive, TAMS=top-at-mark-start (previous, next)
|   0|0x0000000741a00000, 0x0000000741b00000, 0x0000000741b00000|100%| O|  |TAMS 0x0000000741b00000, 0x0000000741b00000| Untracked 
|   1|0x0000000741b00000, 0x0000000741c00000, 0x0000000741c00000|100%| O|  |TAMS 0x0000000741c00000, 0x0000000741c00000| Untracked 
|   2|0x0000000741c00000, 0x0000000741d00000, 0x0000000741d00000|100%| O|  |TAMS 0x0000000741c1da00, 0x0000000741d00000| Untracked 
|   3|0x0000000741d00000, 0x0000000741e00000, 0x0000000741e00000|100%| O|  |TAMS 0x0000000741d00000, 0x0000000741e00000| Untracked 
|   4|0x0000000741e00000, 0x0000000741f00000, 0x0000000741f00000|100%| O|  |TAMS 0x0000000741e00000, 0x0000000741f00000| Untracked 
|   5|0x0000000741f00000, 0x0000000741f2a400, 0x0000000742000000| 16%| O|  |TAMS 0x0000000741f00000, 0x0000000741f2a400| Untracked 
|   6|0x0000000742000000, 0x0000000742000000, 0x0000000742100000|  0%| F|  |TAMS 0x0000000742000000, 0x0000000742000000| Untracked 
|   7|0x0000000742100000, 0x0000000742100000, 0x0000000742200000|  0%| F|  |TAMS 0x0000000742100000, 0x0000000742100000| Untracked 
|   8|0x0000000742200000, 0x0000000742200000, 0x0000000742300000|  0%| F|  |TAMS 0x0000000742200000, 0x0000000742200000| Untracked 
|   9|0x0000000742300000, 0x0000000742300000, 0x0000000742400000|  0%| F|  |TAMS 0x0000000742300000, 0x0000000742300000| Untracked 
|  10|0x0000000742400000, 0x0000000742400000, 0x0000000742500000|  0%| F|  |TAMS 0x0000000742400000, 0x0000000742400000| Untracked 
|  11|0x0000000742500000, 0x0000000742500000, 0x0000000742600000|  0%| F|  |TAMS 0x0000000742500000, 0x0000000742500000| Untracked 
|  12|0x0000000742600000, 0x0000000742600000, 0x0000000742700000|  0%| F|  |TAMS 0x0000000742600000, 0x0000000742600000| Untracked 
|  13|0x0000000742700000, 0x0000000742700000, 0x0000000742800000|  0%| F|  |TAMS 0x0000000742700000, 0x0000000742700000| Untracked 
|  14|0x0000000742800000, 0x0000000742800000, 0x0000000742900000|  0%| F|  |TAMS 0x0000000742800000, 0x0000000742800000| Untracked 
|  15|0x0000000742900000, 0x0000000742900000, 0x0000000742a00000|  0%| F|  |TAMS 0x0000000742900000, 0x0000000742900000| Untracked 
|  16|0x0000000742a00000, 0x0000000742a00000, 0x0000000742b00000|  0%| F|  |TAMS 0x0000000742a00000, 0x0000000742a00000| Untracked 
|  17|0x0000000742b00000, 0x0000000742b00000, 0x0000000742c00000|  0%| F|  |TAMS 0x0000000742b00000, 0x0000000742b00000| Untracked 
|  18|0x0000000742c00000, 0x0000000742c00000, 0x0000000742d00000|  0%| F|  |TAMS 0x0000000742c00000, 0x0000000742c00000| Untracked 
|  19|0x0000000742d00000, 0x0000000742d00000, 0x0000000742e00000|  0%| F|  |TAMS 0x0000000742d00000, 0x0000000742d00000| Untracked 
|  20|0x0000000742e00000, 0x0000000742e00000, 0x0000000742f00000|  0%| F|  |TAMS 0x0000000742e00000, 0x0000000742e00000| Untracked 
|  21|0x0000000742f00000, 0x0000000742f00000, 0x0000000743000000|  0%| F|  |TAMS 0x0000000742f00000, 0x0000000742f00000| Untracked 
|  22|0x0000000743000000, 0x0000000743000000, 0x0000000743100000|  0%| F|  |TAMS 0x0000000743000000, 0x0000000743000000| Untracked 
|  23|0x0000000743100000, 0x0000000743100000, 0x0000000743200000|  0%| F|  |TAMS 0x0000000743100000, 0x0000000743100000| Untracked 
|  24|0x0000000743200000, 0x0000000743200000, 0x0000000743300000|  0%| F|  |TAMS 0x0000000743200000, 0x0000000743200000| Untracked 
|  25|0x0000000743300000, 0x0000000743300000, 0x0000000743400000|  0%| F|  |TAMS 0x0000000743300000, 0x0000000743300000| Untracked 
|  26|0x0000000743400000, 0x0000000743400000, 0x0000000743500000|  0%| F|  |TAMS 0x0000000743400000, 0x0000000743400000| Untracked 
|  27|0x0000000743500000, 0x0000000743500000, 0x0000000743600000|  0%| F|  |TAMS 0x0000000743500000, 0x0000000743500000| Untracked 
|  28|0x0000000743600000, 0x0000000743600000, 0x0000000743700000|  0%| F|  |TAMS 0x0000000743600000, 0x0000000743600000| Untracked 
|  29|0x0000000743700000, 0x0000000743700000, 0x0000000743800000|  0%| F|  |TAMS 0x0000000743700000, 0x0000000743700000| Untracked 
|  30|0x0000000743800000, 0x0000000743800000, 0x0000000743900000|  0%| F|  |TAMS 0x0000000743800000, 0x0000000743800000| Untracked 
|  31|0x0000000743900000, 0x0000000743900000, 0x0000000743a00000|  0%| F|  |TAMS 0x0000000743900000, 0x0000000743900000| Untracked 
|  32|0x0000000743a00000, 0x0000000743a00000, 0x0000000743b00000|  0%| F|  |TAMS 0x0000000743a00000, 0x0000000743a00000| Untracked 
|  33|0x0000000743b00000, 0x0000000743b00000, 0x0000000743c00000|  0%| F|  |TAMS 0x0000000743b00000, 0x0000000743b00000| Untracked 
|  34|0x0000000743c00000, 0x0000000743c00000, 0x0000000743d00000|  0%| F|  |TAMS 0x0000000743c00000, 0x0000000743c00000| Untracked 
|  35|0x0000000743d00000, 0x0000000743d00000, 0x0000000743e00000|  0%| F|  |TAMS 0x0000000743d00000, 0x0000000743d00000| Untracked 
|  36|0x0000000743e00000, 0x0000000743e00000, 0x0000000743f00000|  0%| F|  |TAMS 0x0000000743e00000, 0x0000000743e00000| Untracked 
|  37|0x0000000743f00000, 0x0000000743f00000, 0x0000000744000000|  0%| F|  |TAMS 0x0000000743f00000, 0x0000000743f00000| Untracked 
|  38|0x0000000744000000, 0x0000000744000000, 0x0000000744100000|  0%| F|  |TAMS 0x0000000744000000, 0x0000000744000000| Untracked 
|  39|0x0000000744100000, 0x0000000744100000, 0x0000000744200000|  0%| F|  |TAMS 0x0000000744100000, 0x0000000744100000| Untracked 
|  40|0x0000000744200000, 0x0000000744200000, 0x0000000744300000|  0%| F|  |TAMS 0x0000000744200000, 0x0000000744200000| Untracked 
|  41|0x0000000744300000, 0x0000000744300000, 0x0000000744400000|  0%| F|  |TAMS 0x0000000744300000, 0x0000000744300000| Untracked 
|  42|0x0000000744400000, 0x0000000744400000, 0x0000000744500000|  0%| F|  |TAMS 0x0000000744400000, 0x0000000744400000| Untracked 
|  43|0x0000000744500000, 0x0000000744500000, 0x0000000744600000|  0%| F|  |TAMS 0x0000000744500000, 0x0000000744500000| Untracked 
|  44|0x0000000744600000, 0x0000000744600000, 0x0000000744700000|  0%| F|  |TAMS 0x0000000744600000, 0x0000000744600000| Untracked 
|  45|0x0000000744700000, 0x0000000744700000, 0x0000000744800000|  0%| F|  |TAMS 0x0000000744700000, 0x0000000744700000| Untracked 
|  46|0x0000000744800000, 0x0000000744800000, 0x0000000744900000|  0%| F|  |TAMS 0x0000000744800000, 0x0000000744800000| Untracked 
|  47|0x0000000744900000, 0x0000000744900000, 0x0000000744a00000|  0%| F|  |TAMS 0x0000000744900000, 0x0000000744900000| Untracked 
|  48|0x0000000744a00000, 0x0000000744a00000, 0x0000000744b00000|  0%| F|  |TAMS 0x0000000744a00000, 0x0000000744a00000| Untracked 
|  49|0x0000000744b00000, 0x0000000744b00000, 0x0000000744c00000|  0%| F|  |TAMS 0x0000000744b00000, 0x0000000744b00000| Untracked 
|  50|0x0000000744c00000, 0x0000000744c00000, 0x0000000744d00000|  0%| F|  |TAMS 0x0000000744c00000, 0x0000000744c00000| Untracked 
|  51|0x0000000744d00000, 0x0000000744d00000, 0x0000000744e00000|  0%| F|  |TAMS 0x0000000744d00000, 0x0000000744d00000| Untracked 
|  52|0x0000000744e00000, 0x0000000744e00000, 0x0000000744f00000|  0%| F|  |TAMS 0x0000000744e00000, 0x0000000744e00000| Untracked 
|  53|0x0000000744f00000, 0x0000000744f00000, 0x0000000745000000|  0%| F|  |TAMS 0x0000000744f00000, 0x0000000744f00000| Untracked 
|  54|0x0000000745000000, 0x0000000745000000, 0x0000000745100000|  0%| F|  |TAMS 0x0000000745000000, 0x0000000745000000| Untracked 
|  55|0x0000000745100000, 0x0000000745100000, 0x0000000745200000|  0%| F|  |TAMS 0x0000000745100000, 0x0000000745100000| Untracked 
|  56|0x0000000745200000, 0x0000000745200000, 0x0000000745300000|  0%| F|  |TAMS 0x0000000745200000, 0x0000000745200000| Untracked 
|  57|0x0000000745300000, 0x0000000745300000, 0x0000000745400000|  0%| F|  |TAMS 0x0000000745300000, 0x0000000745300000| Untracked 
|  58|0x0000000745400000, 0x0000000745400000, 0x0000000745500000|  0%| F|  |TAMS 0x0000000745400000, 0x0000000745400000| Untracked 
|  59|0x0000000745500000, 0x0000000745500000, 0x0000000745600000|  0%| F|  |TAMS 0x0000000745500000, 0x0000000745500000| Untracked 
|  60|0x0000000745600000, 0x0000000745600000, 0x0000000745700000|  0%| F|  |TAMS 0x0000000745600000, 0x0000000745600000| Untracked 
|  61|0x0000000745700000, 0x0000000745700000, 0x0000000745800000|  0%| F|  |TAMS 0x0000000745700000, 0x0000000745700000| Untracked 
|  62|0x0000000745800000, 0x0000000745800000, 0x0000000745900000|  0%| F|  |TAMS 0x0000000745800000, 0x0000000745800000| Untracked 
|  63|0x0000000745900000, 0x0000000745900000, 0x0000000745a00000|  0%| F|  |TAMS 0x0000000745900000, 0x0000000745900000| Untracked 
|  64|0x0000000745a00000, 0x0000000745a00000, 0x0000000745b00000|  0%| F|  |TAMS 0x0000000745a00000, 0x0000000745a00000| Untracked 
|  65|0x0000000745b00000, 0x0000000745b00000, 0x0000000745c00000|  0%| F|  |TAMS 0x0000000745b00000, 0x0000000745b00000| Untracked 
|  66|0x0000000745c00000, 0x0000000745c00000, 0x0000000745d00000|  0%| F|  |TAMS 0x0000000745c00000, 0x0000000745c00000| Untracked 
|  67|0x0000000745d00000, 0x0000000745d00000, 0x0000000745e00000|  0%| F|  |TAMS 0x0000000745d00000, 0x0000000745d00000| Untracked 
|  68|0x0000000745e00000, 0x0000000745e00000, 0x0000000745f00000|  0%| F|  |TAMS 0x0000000745e00000, 0x0000000745e00000| Untracked 
|  69|0x0000000745f00000, 0x0000000745f00000, 0x0000000746000000|  0%| F|  |TAMS 0x0000000745f00000, 0x0000000745f00000| Untracked 
|  70|0x0000000746000000, 0x0000000746000000, 0x0000000746100000|  0%| F|  |TAMS 0x0000000746000000, 0x0000000746000000| Untracked 
|  71|0x0000000746100000, 0x0000000746100000, 0x0000000746200000|  0%| F|  |TAMS 0x0000000746100000, 0x0000000746100000| Untracked 
|  72|0x0000000746200000, 0x0000000746200000, 0x0000000746300000|  0%| F|  |TAMS 0x0000000746200000, 0x0000000746200000| Untracked 
|  73|0x0000000746300000, 0x0000000746300000, 0x0000000746400000|  0%| F|  |TAMS 0x0000000746300000, 0x0000000746300000| Untracked 
|  74|0x0000000746400000, 0x0000000746400000, 0x0000000746500000|  0%| F|  |TAMS 0x0000000746400000, 0x0000000746400000| Untracked 
|  75|0x0000000746500000, 0x0000000746500000, 0x0000000746600000|  0%| F|  |TAMS 0x0000000746500000, 0x0000000746500000| Untracked 
|  76|0x0000000746600000, 0x0000000746600000, 0x0000000746700000|  0%| F|  |TAMS 0x0000000746600000, 0x0000000746600000| Untracked 
|  77|0x0000000746700000, 0x0000000746700000, 0x0000000746800000|  0%| F|  |TAMS 0x0000000746700000, 0x0000000746700000| Untracked 
|  78|0x0000000746800000, 0x0000000746800000, 0x0000000746900000|  0%| F|  |TAMS 0x0000000746800000, 0x0000000746800000| Untracked 
|  79|0x0000000746900000, 0x0000000746900000, 0x0000000746a00000|  0%| F|  |TAMS 0x0000000746900000, 0x0000000746900000| Untracked 
|  80|0x0000000746a00000, 0x0000000746a00000, 0x0000000746b00000|  0%| F|  |TAMS 0x0000000746a00000, 0x0000000746a00000| Untracked 
|  81|0x0000000746b00000, 0x0000000746b00000, 0x0000000746c00000|  0%| F|  |TAMS 0x0000000746b00000, 0x0000000746b00000| Untracked 
|  82|0x0000000746c00000, 0x0000000746c00000, 0x0000000746d00000|  0%| F|  |TAMS 0x0000000746c00000, 0x0000000746c00000| Untracked 
|  83|0x0000000746d00000, 0x0000000746d00000, 0x0000000746e00000|  0%| F|  |TAMS 0x0000000746d00000, 0x0000000746d00000| Untracked 
|  84|0x0000000746e00000, 0x0000000746e00000, 0x0000000746f00000|  0%| F|  |TAMS 0x0000000746e00000, 0x0000000746e00000| Untracked 
|  85|0x0000000746f00000, 0x0000000746f00000, 0x0000000747000000|  0%| F|  |TAMS 0x0000000746f00000, 0x0000000746f00000| Untracked 
|  86|0x0000000747000000, 0x0000000747000000, 0x0000000747100000|  0%| F|  |TAMS 0x0000000747000000, 0x0000000747000000| Untracked 
|  87|0x0000000747100000, 0x0000000747100000, 0x0000000747200000|  0%| F|  |TAMS 0x0000000747100000, 0x0000000747100000| Untracked 
|  88|0x0000000747200000, 0x0000000747200000, 0x0000000747300000|  0%| F|  |TAMS 0x0000000747200000, 0x0000000747200000| Untracked 
|  89|0x0000000747300000, 0x0000000747300000, 0x0000000747400000|  0%| F|  |TAMS 0x0000000747300000, 0x0000000747300000| Untracked 
|  90|0x0000000747400000, 0x0000000747400000, 0x0000000747500000|  0%| F|  |TAMS 0x0000000747400000, 0x0000000747400000| Untracked 
|  91|0x0000000747500000, 0x0000000747500000, 0x0000000747600000|  0%| F|  |TAMS 0x0000000747500000, 0x0000000747500000| Untracked 
|  92|0x0000000747600000, 0x0000000747600000, 0x0000000747700000|  0%| F|  |TAMS 0x0000000747600000, 0x0000000747600000| Untracked 
|  93|0x0000000747700000, 0x0000000747700000, 0x0000000747800000|  0%| F|  |TAMS 0x0000000747700000, 0x0000000747700000| Untracked 
|  94|0x0000000747800000, 0x0000000747800000, 0x0000000747900000|  0%| F|  |TAMS 0x0000000747800000, 0x0000000747800000| Untracked 
|  95|0x0000000747900000, 0x0000000747900000, 0x0000000747a00000|  0%| F|  |TAMS 0x0000000747900000, 0x0000000747900000| Untracked 
|  96|0x0000000747a00000, 0x0000000747a00000, 0x0000000747b00000|  0%| F|  |TAMS 0x0000000747a00000, 0x0000000747a00000| Untracked 
|  97|0x0000000747b00000, 0x0000000747b00000, 0x0000000747c00000|  0%| F|  |TAMS 0x0000000747b00000, 0x0000000747b00000| Untracked 
|  98|0x0000000747c00000, 0x0000000747c00000, 0x0000000747d00000|  0%| F|  |TAMS 0x0000000747c00000, 0x0000000747c00000| Untracked 
|  99|0x0000000747d00000, 0x0000000747d00000, 0x0000000747e00000|  0%| F|  |TAMS 0x0000000747d00000, 0x0000000747d00000| Untracked 
| 100|0x0000000747e00000, 0x0000000747e00000, 0x0000000747f00000|  0%| F|  |TAMS 0x0000000747e00000, 0x0000000747e00000| Untracked 
| 101|0x0000000747f00000, 0x0000000747f00000, 0x0000000748000000|  0%| F|  |TAMS 0x0000000747f00000, 0x0000000747f00000| Untracked 
| 102|0x0000000748000000, 0x0000000748000000, 0x0000000748100000|  0%| F|  |TAMS 0x0000000748000000, 0x0000000748000000| Untracked 
| 103|0x0000000748100000, 0x0000000748100000, 0x0000000748200000|  0%| F|  |TAMS 0x0000000748100000, 0x0000000748100000| Untracked 
| 104|0x0000000748200000, 0x0000000748200000, 0x0000000748300000|  0%| F|  |TAMS 0x0000000748200000, 0x0000000748200000| Untracked 
| 105|0x0000000748300000, 0x0000000748300000, 0x0000000748400000|  0%| F|  |TAMS 0x0000000748300000, 0x0000000748300000| Untracked 
| 106|0x0000000748400000, 0x0000000748400000, 0x0000000748500000|  0%| F|  |TAMS 0x0000000748400000, 0x0000000748400000| Untracked 
| 107|0x0000000748500000, 0x0000000748500000, 0x0000000748600000|  0%| F|  |TAMS 0x0000000748500000, 0x0000000748500000| Untracked 
| 108|0x0000000748600000, 0x0000000748600000, 0x0000000748700000|  0%| F|  |TAMS 0x0000000748600000, 0x0000000748600000| Untracked 
| 109|0x0000000748700000, 0x0000000748700000, 0x0000000748800000|  0%| F|  |TAMS 0x0000000748700000, 0x0000000748700000| Untracked 
| 110|0x0000000748800000, 0x0000000748800000, 0x0000000748900000|  0%| F|  |TAMS 0x0000000748800000, 0x0000000748800000| Untracked 
| 111|0x0000000748900000, 0x0000000748900000, 0x0000000748a00000|  0%| F|  |TAMS 0x0000000748900000, 0x0000000748900000| Untracked 
| 112|0x0000000748a00000, 0x0000000748a00000, 0x0000000748b00000|  0%| F|  |TAMS 0x0000000748a00000, 0x0000000748a00000| Untracked 
| 113|0x0000000748b00000, 0x0000000748b00000, 0x0000000748c00000|  0%| F|  |TAMS 0x0000000748b00000, 0x0000000748b00000| Untracked 
| 114|0x0000000748c00000, 0x0000000748c00000, 0x0000000748d00000|  0%| F|  |TAMS 0x0000000748c00000, 0x0000000748c00000| Untracked 
| 115|0x0000000748d00000, 0x0000000748d00000, 0x0000000748e00000|  0%| F|  |TAMS 0x0000000748d00000, 0x0000000748d00000| Untracked 
| 116|0x0000000748e00000, 0x0000000748e00000, 0x0000000748f00000|  0%| F|  |TAMS 0x0000000748e00000, 0x0000000748e00000| Untracked 
| 117|0x0000000748f00000, 0x0000000748f00000, 0x0000000749000000|  0%| F|  |TAMS 0x0000000748f00000, 0x0000000748f00000| Untracked 
| 118|0x0000000749000000, 0x0000000749000000, 0x0000000749100000|  0%| F|  |TAMS 0x0000000749000000, 0x0000000749000000| Untracked 
| 119|0x0000000749100000, 0x0000000749100000, 0x0000000749200000|  0%| F|  |TAMS 0x0000000749100000, 0x0000000749100000| Untracked 
| 120|0x0000000749200000, 0x0000000749200000, 0x0000000749300000|  0%| F|  |TAMS 0x0000000749200000, 0x0000000749200000| Untracked 
| 121|0x0000000749300000, 0x0000000749300000, 0x0000000749400000|  0%| F|  |TAMS 0x0000000749300000, 0x0000000749300000| Untracked 
| 122|0x0000000749400000, 0x0000000749400000, 0x0000000749500000|  0%| F|  |TAMS 0x0000000749400000, 0x0000000749400000| Untracked 
| 123|0x0000000749500000, 0x0000000749500000, 0x0000000749600000|  0%| F|  |TAMS 0x0000000749500000, 0x0000000749500000| Untracked 
| 124|0x0000000749600000, 0x0000000749600000, 0x0000000749700000|  0%| F|  |TAMS 0x0000000749600000, 0x0000000749600000| Untracked 
| 125|0x0000000749700000, 0x0000000749700000, 0x0000000749800000|  0%| F|  |TAMS 0x0000000749700000, 0x0000000749700000| Untracked 
| 126|0x0000000749800000, 0x0000000749800000, 0x0000000749900000|  0%| F|  |TAMS 0x0000000749800000, 0x0000000749800000| Untracked 
| 127|0x0000000749900000, 0x0000000749900000, 0x0000000749a00000|  0%| F|  |TAMS 0x0000000749900000, 0x0000000749900000| Untracked 
| 128|0x0000000749a00000, 0x0000000749a00000, 0x0000000749b00000|  0%| F|  |TAMS 0x0000000749a00000, 0x0000000749a00000| Untracked 
| 129|0x0000000749b00000, 0x0000000749b00000, 0x0000000749c00000|  0%| F|  |TAMS 0x0000000749b00000, 0x0000000749b00000| Untracked 
| 130|0x0000000749c00000, 0x0000000749c00000, 0x0000000749d00000|  0%| F|  |TAMS 0x0000000749c00000, 0x0000000749c00000| Untracked 
| 131|0x0000000749d00000, 0x0000000749d00000, 0x0000000749e00000|  0%| F|  |TAMS 0x0000000749d00000, 0x0000000749d00000| Untracked 
| 132|0x0000000749e00000, 0x0000000749e00000, 0x0000000749f00000|  0%| F|  |TAMS 0x0000000749e00000, 0x0000000749e00000| Untracked 
| 133|0x0000000749f00000, 0x0000000749f00000, 0x000000074a000000|  0%| F|  |TAMS 0x0000000749f00000, 0x0000000749f00000| Untracked 
| 134|0x000000074a000000, 0x000000074a000000, 0x000000074a100000|  0%| F|  |TAMS 0x000000074a000000, 0x000000074a000000| Untracked 
| 135|0x000000074a100000, 0x000000074a100000, 0x000000074a200000|  0%| F|  |TAMS 0x000000074a100000, 0x000000074a100000| Untracked 
| 136|0x000000074a200000, 0x000000074a200000, 0x000000074a300000|  0%| F|  |TAMS 0x000000074a200000, 0x000000074a200000| Untracked 
| 137|0x000000074a300000, 0x000000074a300000, 0x000000074a400000|  0%| F|  |TAMS 0x000000074a300000, 0x000000074a300000| Untracked 
| 138|0x000000074a400000, 0x000000074a400000, 0x000000074a500000|  0%| F|  |TAMS 0x000000074a400000, 0x000000074a400000| Untracked 
| 139|0x000000074a500000, 0x000000074a500000, 0x000000074a600000|  0%| F|  |TAMS 0x000000074a500000, 0x000000074a500000| Untracked 
| 140|0x000000074a600000, 0x000000074a600000, 0x000000074a700000|  0%| F|  |TAMS 0x000000074a600000, 0x000000074a600000| Untracked 
| 141|0x000000074a700000, 0x000000074a700000, 0x000000074a800000|  0%| F|  |TAMS 0x000000074a700000, 0x000000074a700000| Untracked 
| 142|0x000000074a800000, 0x000000074a800000, 0x000000074a900000|  0%| F|  |TAMS 0x000000074a800000, 0x000000074a800000| Untracked 
| 143|0x000000074a900000, 0x000000074a900000, 0x000000074aa00000|  0%| F|  |TAMS 0x000000074a900000, 0x000000074a900000| Untracked 
| 144|0x000000074aa00000, 0x000000074aa00000, 0x000000074ab00000|  0%| F|  |TAMS 0x000000074aa00000, 0x000000074aa00000| Untracked 
| 145|0x000000074ab00000, 0x000000074ab00000, 0x000000074ac00000|  0%| F|  |TAMS 0x000000074ab00000, 0x000000074ab00000| Untracked 
| 146|0x000000074ac00000, 0x000000074ac00000, 0x000000074ad00000|  0%| F|  |TAMS 0x000000074ac00000, 0x000000074ac00000| Untracked 
| 147|0x000000074ad00000, 0x000000074ad00000, 0x000000074ae00000|  0%| F|  |TAMS 0x000000074ad00000, 0x000000074ad00000| Untracked 
| 148|0x000000074ae00000, 0x000000074ae00000, 0x000000074af00000|  0%| F|  |TAMS 0x000000074ae00000, 0x000000074ae00000| Untracked 
| 149|0x000000074af00000, 0x000000074af00000, 0x000000074b000000|  0%| F|  |TAMS 0x000000074af00000, 0x000000074af00000| Untracked 
| 150|0x000000074b000000, 0x000000074b000000, 0x000000074b100000|  0%| F|  |TAMS 0x000000074b000000, 0x000000074b000000| Untracked 
| 151|0x000000074b100000, 0x000000074b100000, 0x000000074b200000|  0%| F|  |TAMS 0x000000074b100000, 0x000000074b100000| Untracked 
| 152|0x000000074b200000, 0x000000074b200000, 0x000000074b300000|  0%| F|  |TAMS 0x000000074b200000, 0x000000074b200000| Untracked 
| 153|0x000000074b300000, 0x000000074b300000, 0x000000074b400000|  0%| F|  |TAMS 0x000000074b300000, 0x000000074b300000| Untracked 
| 154|0x000000074b400000, 0x000000074b400000, 0x000000074b500000|  0%| F|  |TAMS 0x000000074b400000, 0x000000074b400000| Untracked 
| 155|0x000000074b500000, 0x000000074b500000, 0x000000074b600000|  0%| F|  |TAMS 0x000000074b500000, 0x000000074b500000| Untracked 
| 156|0x000000074b600000, 0x000000074b600000, 0x000000074b700000|  0%| F|  |TAMS 0x000000074b600000, 0x000000074b600000| Untracked 
| 157|0x000000074b700000, 0x000000074b700000, 0x000000074b800000|  0%| F|  |TAMS 0x000000074b700000, 0x000000074b700000| Untracked 
| 158|0x000000074b800000, 0x000000074b800000, 0x000000074b900000|  0%| F|  |TAMS 0x000000074b800000, 0x000000074b800000| Untracked 
| 159|0x000000074b900000, 0x000000074b900000, 0x000000074ba00000|  0%| F|  |TAMS 0x000000074b900000, 0x000000074b900000| Untracked 
| 160|0x000000074ba00000, 0x000000074ba00000, 0x000000074bb00000|  0%| F|  |TAMS 0x000000074ba00000, 0x000000074ba00000| Untracked 
| 161|0x000000074bb00000, 0x000000074bb00000, 0x000000074bc00000|  0%| F|  |TAMS 0x000000074bb00000, 0x000000074bb00000| Untracked 
| 162|0x000000074bc00000, 0x000000074bc00000, 0x000000074bd00000|  0%| F|  |TAMS 0x000000074bc00000, 0x000000074bc00000| Untracked 
| 163|0x000000074bd00000, 0x000000074bd00000, 0x000000074be00000|  0%| F|  |TAMS 0x000000074bd00000, 0x000000074bd00000| Untracked 
| 164|0x000000074be00000, 0x000000074be00000, 0x000000074bf00000|  0%| F|  |TAMS 0x000000074be00000, 0x000000074be00000| Untracked 
| 165|0x000000074bf00000, 0x000000074bf00000, 0x000000074c000000|  0%| F|  |TAMS 0x000000074bf00000, 0x000000074bf00000| Untracked 
| 166|0x000000074c000000, 0x000000074c000000, 0x000000074c100000|  0%| F|  |TAMS 0x000000074c000000, 0x000000074c000000| Untracked 
| 167|0x000000074c100000, 0x000000074c100000, 0x000000074c200000|  0%| F|  |TAMS 0x000000074c100000, 0x000000074c100000| Untracked 
| 168|0x000000074c200000, 0x000000074c200000, 0x000000074c300000|  0%| F|  |TAMS 0x000000074c200000, 0x000000074c200000| Untracked 
| 169|0x000000074c300000, 0x000000074c300000, 0x000000074c400000|  0%| F|  |TAMS 0x000000074c300000, 0x000000074c300000| Untracked 
| 170|0x000000074c400000, 0x000000074c400000, 0x000000074c500000|  0%| F|  |TAMS 0x000000074c400000, 0x000000074c400000| Untracked 
| 171|0x000000074c500000, 0x000000074c500000, 0x000000074c600000|  0%| F|  |TAMS 0x000000074c500000, 0x000000074c500000| Untracked 
| 172|0x000000074c600000, 0x000000074c600000, 0x000000074c700000|  0%| F|  |TAMS 0x000000074c600000, 0x000000074c600000| Untracked 
| 173|0x000000074c700000, 0x000000074c700000, 0x000000074c800000|  0%| F|  |TAMS 0x000000074c700000, 0x000000074c700000| Untracked 
| 174|0x000000074c800000, 0x000000074c800000, 0x000000074c900000|  0%| F|  |TAMS 0x000000074c800000, 0x000000074c800000| Untracked 
| 175|0x000000074c900000, 0x000000074c900000, 0x000000074ca00000|  0%| F|  |TAMS 0x000000074c900000, 0x000000074c900000| Untracked 
| 176|0x000000074ca00000, 0x000000074ca00000, 0x000000074cb00000|  0%| F|  |TAMS 0x000000074ca00000, 0x000000074ca00000| Untracked 
| 177|0x000000074cb00000, 0x000000074cb00000, 0x000000074cc00000|  0%| F|  |TAMS 0x000000074cb00000, 0x000000074cb00000| Untracked 
| 178|0x000000074cc00000, 0x000000074cc00000, 0x000000074cd00000|  0%| F|  |TAMS 0x000000074cc00000, 0x000000074cc00000| Untracked 
| 179|0x000000074cd00000, 0x000000074cd00000, 0x000000074ce00000|  0%| F|  |TAMS 0x000000074cd00000, 0x000000074cd00000| Untracked 
| 180|0x000000074ce00000, 0x000000074ce00000, 0x000000074cf00000|  0%| F|  |TAMS 0x000000074ce00000, 0x000000074ce00000| Untracked 
| 181|0x000000074cf00000, 0x000000074cf00000, 0x000000074d000000|  0%| F|  |TAMS 0x000000074cf00000, 0x000000074cf00000| Untracked 
| 182|0x000000074d000000, 0x000000074d000000, 0x000000074d100000|  0%| F|  |TAMS 0x000000074d000000, 0x000000074d000000| Untracked 
| 183|0x000000074d100000, 0x000000074d100000, 0x000000074d200000|  0%| F|  |TAMS 0x000000074d100000, 0x000000074d100000| Untracked 
| 184|0x000000074d200000, 0x000000074d200000, 0x000000074d300000|  0%| F|  |TAMS 0x000000074d200000, 0x000000074d200000| Untracked 
| 185|0x000000074d300000, 0x000000074d300000, 0x000000074d400000|  0%| F|  |TAMS 0x000000074d300000, 0x000000074d300000| Untracked 
| 186|0x000000074d400000, 0x000000074d400000, 0x000000074d500000|  0%| F|  |TAMS 0x000000074d400000, 0x000000074d400000| Untracked 
| 187|0x000000074d500000, 0x000000074d500000, 0x000000074d600000|  0%| F|  |TAMS 0x000000074d500000, 0x000000074d500000| Untracked 
| 188|0x000000074d600000, 0x000000074d656df0, 0x000000074d700000| 33%| S|CS|TAMS 0x000000074d600000, 0x000000074d600000| Complete 
| 189|0x000000074d700000, 0x000000074d700000, 0x000000074d800000|  0%| F|  |TAMS 0x000000074d700000, 0x000000074d700000| Untracked 
| 190|0x000000074d800000, 0x000000074d800000, 0x000000074d900000|  0%| F|  |TAMS 0x000000074d800000, 0x000000074d800000| Untracked 
| 191|0x000000074d900000, 0x000000074d900000, 0x000000074da00000|  0%| F|  |TAMS 0x000000074d900000, 0x000000074d900000| Untracked 

Card table byte_map: [0x000001cb9d6d0000,0x000001cb9dcd0000] _byte_map_base: 0x000001cb99cc3000

Marking Bits (Prev, Next): (CMBitMap*) 0x000001cb8593c840, (CMBitMap*) 0x000001cb8593c808
 Prev Bits: [0x000001cba1270000, 0x000001cba4208000)
 Next Bits: [0x000001cb9e2d0000, 0x000001cba1268000)

Polling page: 0x000001cb838a0000

Metaspace:

Usage:
  Non-class:     13.24 MB capacity,    12.98 MB ( 98%) used,   236.85 KB (  2%) free+waste,    38.38 KB ( <1%) overhead. 
      Class:      1.71 MB capacity,     1.56 MB ( 91%) used,   132.40 KB (  8%) free+waste,    18.81 KB (  1%) overhead. 
       Both:     14.95 MB capacity,    14.53 MB ( 97%) used,   369.25 KB (  2%) free+waste,    57.19 KB ( <1%) overhead. 

Virtual space:
  Non-class space:       28.00 MB reserved,      13.25 MB ( 47%) committed 
      Class space:        1.00 GB reserved,       1.75 MB ( <1%) committed 
             Both:        1.03 GB reserved,      15.00 MB (  1%) committed 

Chunk freelists:
   Non-Class:  768 bytes
       Class:  0 bytes
        Both:  768 bytes

CodeHeap 'non-profiled nmethods': size=238336Kb used=2058Kb max_used=2058Kb free=236277Kb
 bounds [0x000001cb8e4e0000, 0x000001cb8e750000, 0x000001cb9cda0000]
CodeHeap 'non-nmethods': size=7424Kb used=1193Kb max_used=1193Kb free=6230Kb
 bounds [0x000001cb8dda0000, 0x000001cb8e010000, 0x000001cb8e4e0000]
 total_blobs=1806 nmethods=1393 adapters=347
 compilation: enabled
              stopped_count=0, restarted_count=0
 full_count=0

Compilation events (10 events):
Event: 1.559 Thread 0x000001cba753b000 1381       1       jdk.internal.org.objectweb.asm.ClassWriter::<init> (117 bytes)
Event: 1.560 Thread 0x000001cba753b000 nmethod 1381 0x000001cb8e6dd390 code [0x000001cb8e6dd5a0, 0x000001cb8e6ddd48]
Event: 1.560 Thread 0x000001cba753b000 1382       1       jdk.internal.org.objectweb.asm.ClassVisitor::<init> (7 bytes)
Event: 1.560 Thread 0x000001cba753b000 nmethod 1382 0x000001cb8e6ddf10 code [0x000001cb8e6de0c0, 0x000001cb8e6de288]
Event: 1.560 Thread 0x000001cba753b000 1383       1       jdk.internal.org.objectweb.asm.ClassVisitor::<init> (35 bytes)
Event: 1.560 Thread 0x000001cba753b000 nmethod 1383 0x000001cb8e6de590 code [0x000001cb8e6de740, 0x000001cb8e6de948]
Event: 1.560 Thread 0x000001cba753b000 1391   !   1       java.util.concurrent.ConcurrentHashMap::replaceNode (437 bytes)
Event: 1.563 Thread 0x000001cba753b000 nmethod 1391 0x000001cb8e6dec10 code [0x000001cb8e6deee0, 0x000001cb8e6e0438]
Event: 1.569 Thread 0x000001cba753b000 1393  s!   1       jdk.internal.loader.URLClassPath::getLoader (194 bytes)
Event: 1.570 Thread 0x000001cba753b000 nmethod 1393 0x000001cb8e6e1090 code [0x000001cb8e6e1340, 0x000001cb8e6e2148]

GC Heap History (6 events):
Event: 1.453 GC heap before
{Heap before GC invocations=0 (full 0):
 garbage-first heap   total 196608K, used 23552K [0x0000000741a00000, 0x0000000800000000)
  region size 1024K, 24 young (24576K), 0 survivors (0K)
 Metaspace       used 14184K, capacity 14605K, committed 14720K, reserved 1062912K
  class space    used 1479K, capacity 1593K, committed 1664K, reserved 1048576K
}
Event: 1.461 GC heap after
{Heap after GC invocations=1 (full 0):
 garbage-first heap   total 196608K, used 5238K [0x0000000741a00000, 0x0000000800000000)
  region size 1024K, 3 young (3072K), 3 survivors (3072K)
 Metaspace       used 14184K, capacity 14605K, committed 14720K, reserved 1062912K
  class space    used 1479K, capacity 1593K, committed 1664K, reserved 1048576K
}
Event: 1.521 GC heap before
{Heap before GC invocations=1 (full 0):
 garbage-first heap   total 196608K, used 8310K [0x0000000741a00000, 0x0000000800000000)
  region size 1024K, 7 young (7168K), 3 survivors (3072K)
 Metaspace       used 14586K, capacity 14959K, committed 15104K, reserved 1069056K
  class space    used 1537K, capacity 1669K, committed 1792K, reserved 1048576K
}
Event: 1.525 GC heap after
{Heap after GC invocations=2 (full 0):
 garbage-first heap   total 196608K, used 5745K [0x0000000741a00000, 0x0000000800000000)
  region size 1024K, 4 young (4096K), 4 survivors (4096K)
 Metaspace       used 14586K, capacity 14959K, committed 15104K, reserved 1069056K
  class space    used 1537K, capacity 1669K, committed 1792K, reserved 1048576K
}
Event: 1.572 GC heap before
{Heap before GC invocations=3 (full 0):
 garbage-first heap   total 196608K, used 7793K [0x0000000741a00000, 0x0000000800000000)
  region size 1024K, 7 young (7168K), 4 survivors (4096K)
 Metaspace       used 14882K, capacity 15309K, committed 15360K, reserved 1075200K
  class space    used 1595K, capacity 1747K, committed 1792K, reserved 1048576K
}
Event: 1.577 GC heap after
{Heap after GC invocations=4 (full 0):
 garbage-first heap   total 196608K, used 5636K [0x0000000741a00000, 0x0000000800000000)
  region size 1024K, 1 young (1024K), 1 survivors (1024K)
 Metaspace       used 14882K, capacity 15309K, committed 15360K, reserved 1075200K
  class space    used 1595K, capacity 1747K, committed 1792K, reserved 1048576K
}

Deoptimization events (0 events):
No events

Classes redefined (0 events):
No events

Internal exceptions (10 events):
Event: 1.384 Thread 0x000001cb858ed000 Exception <a 'java/lang/NoSuchMethodError'{0x000000074c466740}: java.lang.invoke.DirectMethodHandle$Holder.invokeStaticInit(Ljava/lang/Object;Ljava/lang/Object;)I> (0x000000074c466740) thrown at [./open/src/hotspot/share/interpreter/linkResolver.cpp, line
Event: 1.448 Thread 0x000001cb858ed000 Exception <a 'java/lang/NoSuchMethodError'{0x000000074c2d6088}: java.lang.invoke.DirectMethodHandle$Holder.invokeStaticInit(Ljava/lang/Object;Ljava/lang/Object;Ljava/lang/Object;)I> (0x000000074c2d6088) thrown at [./open/src/hotspot/share/interpreter/link
Event: 1.463 Thread 0x000001cb858ed000 Exception <a 'java/lang/NoSuchMethodError'{0x000000074d98edc0}: java.lang.invoke.DirectMethodHandle$Holder.invokeVirtual(Ljava/lang/Object;Ljava/lang/Object;Ljava/lang/Object;)Ljava/lang/Object;> (0x000000074d98edc0) thrown at [./open/src/hotspot/share/in
Event: 1.471 Thread 0x000001cb858ed000 Exception <a 'java/lang/NoSuchMethodError'{0x000000074d9e0690}: java.lang.invoke.DirectMethodHandle$Holder.invokeSpecial(Ljava/lang/Object;Ljava/lang/Object;)V> (0x000000074d9e0690) thrown at [./open/src/hotspot/share/interpreter/linkResolver.cpp, line 77
Event: 1.546 Thread 0x000001cb858ed000 Exception <a 'java/lang/NoSuchMethodError'{0x000000074d9e7cb8}: java.lang.invoke.DirectMethodHandle$Holder.invokeStatic(Ljava/lang/Object;Ljava/lang/Object;Ljava/lang/Object;Ljava/lang/Object;Ljava/lang/Object;Ljava/lang/Object;Ljava/lang/Object;Ljava/lan
Event: 1.547 Thread 0x000001cb858ed000 Exception <a 'java/lang/NoSuchMethodError'{0x000000074d9f7018}: java.lang.invoke.DirectMethodHandle$Holder.invokeStatic(Ljava/lang/Object;Ljava/lang/Object;Ljava/lang/Object;Ljava/lang/Object;Ljava/lang/Object;Ljava/lang/Object;Ljava/lang/Object;Ljava/lan
Event: 1.548 Thread 0x000001cb858ed000 Exception <a 'java/lang/NoSuchMethodError'{0x000000074d805648}: java.lang.invoke.DirectMethodHandle$Holder.invokeSpecial(Ljava/lang/Object;Ljava/lang/Object;IILjava/lang/Object;Ljava/lang/Object;Ljava/lang/Object;Ljava/lang/Object;)Ljava/lang/Object;> (0x
Event: 1.549 Thread 0x000001cb858ed000 Exception <a 'java/lang/NoSuchMethodError'{0x000000074d808d80}: java.lang.invoke.DelegatingMethodHandle$Holder.reinvoke_L(Ljava/lang/Object;IILjava/lang/Object;Ljava/lang/Object;Ljava/lang/Object;Ljava/lang/Object;)Ljava/lang/Object;> (0x000000074d808d80)
Event: 1.550 Thread 0x000001cb858ed000 Exception <a 'java/lang/NoSuchMethodError'{0x000000074d8183b8}: java.lang.invoke.DirectMethodHandle$Holder.invokeStatic(Ljava/lang/Object;Ljava/lang/Object;Ljava/lang/Object;Ljava/lang/Object;Ljava/lang/Object;Ljava/lang/Object;I)Ljava/lang/Object;> (0x00
Event: 1.561 Thread 0x000001cb858ed000 Exception <a 'java/io/FileNotFoundException'{0x000000074d8a7e20}> (0x000000074d8a7e20) thrown at [./open/src/hotspot/share/prims/jni.cpp, line 611]

Events (10 events):
Event: 1.570 loading class org/springframework/core/convert/support/ConfigurableConversionService done
Event: 1.570 loading class org/springframework/core/convert/ConversionService
Event: 1.570 loading class org/springframework/core/convert/ConversionService done
Event: 1.571 loading class org/springframework/core/convert/support/GenericConversionService$NoOpConverter
Event: 1.571 loading class org/springframework/core/convert/support/GenericConversionService$NoOpConverter done
Event: 1.571 loading class org/springframework/core/convert/converter/GenericConverter
Event: 1.571 loading class org/springframework/core/convert/converter/GenericConverter done
Event: 1.571 loading class org/springframework/core/convert/support/GenericConversionService$Converters
Event: 1.571 loading class org/springframework/core/convert/support/GenericConversionService$Converters done
Event: 1.572 Executing VM operation: CollectForMetadataAllocation


Dynamic libraries:
0x00007ff7dea80000 - 0x00007ff7dea8f000 	C:\Program Files\Java\jdk-11.0.11\bin\java.exe
0x00007ffbd7710000 - 0x00007ffbd7905000 	C:\Windows\SYSTEM32\ntdll.dll
0x00007ffbd6960000 - 0x00007ffbd6a1d000 	C:\Windows\System32\KERNEL32.DLL
0x00007ffbd50f0000 - 0x00007ffbd53b8000 	C:\Windows\System32\KERNELBASE.dll
0x00007ffbd5470000 - 0x00007ffbd5570000 	C:\Windows\System32\ucrtbase.dll
0x00007ffbc77a0000 - 0x00007ffbc77b5000 	C:\Program Files\Java\jdk-11.0.11\bin\VCRUNTIME140.dll
0x00007ffbc77c0000 - 0x00007ffbc77d8000 	C:\Program Files\Java\jdk-11.0.11\bin\jli.dll
0x00007ffbd6d80000 - 0x00007ffbd6e2c000 	C:\Windows\System32\ADVAPI32.dll
0x00007ffbd5b10000 - 0x00007ffbd5bae000 	C:\Windows\System32\msvcrt.dll
0x00007ffbd6ce0000 - 0x00007ffbd6d7b000 	C:\Windows\System32\sechost.dll
0x00007ffbd5f10000 - 0x00007ffbd603b000 	C:\Windows\System32\RPCRT4.dll
0x00007ffbd67c0000 - 0x00007ffbd6960000 	C:\Windows\System32\USER32.dll
0x00007ffbd5750000 - 0x00007ffbd5772000 	C:\Windows\System32\win32u.dll
0x00007ffbd6040000 - 0x00007ffbd606a000 	C:\Windows\System32\GDI32.dll
0x00007ffbd4e50000 - 0x00007ffbd4f5b000 	C:\Windows\System32\gdi32full.dll
0x00007ffbd5050000 - 0x00007ffbd50ed000 	C:\Windows\System32\msvcp_win.dll
0x00007ffbc55e0000 - 0x00007ffbc587a000 	C:\Windows\WinSxS\amd64_microsoft.windows.common-controls_6595b64144ccf1df_6.0.19041.1052_none_60b8f8fd71f5e8cb\COMCTL32.dll
0x00007ffbcc1b0000 - 0x00007ffbcc1ba000 	C:\Windows\SYSTEM32\VERSION.dll
0x00007ffbd76a0000 - 0x00007ffbd76d0000 	C:\Windows\System32\IMM32.DLL
0x00007ffbb63a0000 - 0x00007ffbb643b000 	C:\Program Files\Java\jdk-11.0.11\bin\msvcp140.dll
0x00007ffba4c30000 - 0x00007ffba572e000 	C:\Program Files\Java\jdk-11.0.11\bin\server\jvm.dll
0x00007ffbd5790000 - 0x00007ffbd5798000 	C:\Windows\System32\PSAPI.DLL
0x00007ffbcbdf0000 - 0x00007ffbcbe17000 	C:\Windows\SYSTEM32\WINMM.dll
0x00007ffbcff00000 - 0x00007ffbcff09000 	C:\Windows\SYSTEM32\WSOCK32.dll
0x00007ffbd6750000 - 0x00007ffbd67bb000 	C:\Windows\System32\ws2_32.DLL
0x00007ffbd2d60000 - 0x00007ffbd2d72000 	C:\Windows\SYSTEM32\kernel.appcore.dll
0x00007ffbc49d0000 - 0x00007ffbc49e0000 	C:\Program Files\Java\jdk-11.0.11\bin\verify.dll
0x00007ffbc0f60000 - 0x00007ffbc1144000 	C:\Windows\SYSTEM32\DBGHELP.DLL
0x00007ffbc0e00000 - 0x00007ffbc0e2c000 	C:\Windows\SYSTEM32\dbgcore.DLL
0x00007ffbd4fc0000 - 0x00007ffbd5043000 	C:\Windows\System32\bcryptPrimitives.dll
0x00007ffbc3720000 - 0x00007ffbc3748000 	C:\Program Files\Java\jdk-11.0.11\bin\java.dll
0x00007ffbc35a0000 - 0x00007ffbc35aa000 	C:\Program Files\Java\jdk-11.0.11\bin\jimage.dll
0x00007ffbb6060000 - 0x00007ffbb6098000 	C:\Program Files\Java\jdk-11.0.11\bin\jdwp.dll
0x00007ffbc3030000 - 0x00007ffbc303e000 	C:\Program Files\Java\jdk-11.0.11\bin\instrument.dll
0x00007ffbc0e90000 - 0x00007ffbc0ea6000 	C:\Program Files\Java\jdk-11.0.11\bin\zip.dll
0x00007ffbd6e30000 - 0x00007ffbd756f000 	C:\Windows\System32\SHELL32.dll
0x00007ffbd2f60000 - 0x00007ffbd36f0000 	C:\Windows\SYSTEM32\windows.storage.dll
0x00007ffbd5bb0000 - 0x00007ffbd5f05000 	C:\Windows\System32\combase.dll
0x00007ffbd47f0000 - 0x00007ffbd481c000 	C:\Windows\SYSTEM32\Wldp.dll
0x00007ffbd66a0000 - 0x00007ffbd674e000 	C:\Windows\System32\SHCORE.dll
0x00007ffbd5a90000 - 0x00007ffbd5ae5000 	C:\Windows\System32\shlwapi.dll
0x00007ffbd4d90000 - 0x00007ffbd4daf000 	C:\Windows\SYSTEM32\profapi.dll
0x00007ffbc11b0000 - 0x00007ffbc11ba000 	C:\Program Files\Java\jdk-11.0.11\bin\dt_socket.dll
0x00007ffbd45d0000 - 0x00007ffbd463a000 	C:\Windows\system32\mswsock.dll
0x00007ffbbd350000 - 0x00007ffbbd369000 	C:\Program Files\Java\jdk-11.0.11\bin\net.dll
0x00007ffbc71e0000 - 0x00007ffbc72eb000 	C:\Windows\SYSTEM32\WINHTTP.dll
0x00007ffbbd2f0000 - 0x00007ffbbd302000 	C:\Program Files\Java\jdk-11.0.11\bin\nio.dll
0x00007ffbd42e0000 - 0x00007ffbd43ac000 	C:\Windows\SYSTEM32\DNSAPI.dll
0x00007ffbd4290000 - 0x00007ffbd42cb000 	C:\Windows\SYSTEM32\IPHLPAPI.DLL
0x00007ffbd5780000 - 0x00007ffbd5788000 	C:\Windows\System32\NSI.dll
0x00007ffbc9fc0000 - 0x00007ffbc9fca000 	C:\Windows\System32\rasadhlp.dll
0x00007ffbc7130000 - 0x00007ffbc71af000 	C:\Windows\System32\fwpuclnt.dll
0x00007ffbd55c0000 - 0x00007ffbd55e7000 	C:\Windows\System32\bcrypt.dll
0x00007ffbc0e30000 - 0x00007ffbc0e39000 	C:\Program Files\Java\jdk-11.0.11\bin\management.dll
0x00007ffbbeb80000 - 0x00007ffbbeb8b000 	C:\Program Files\Java\jdk-11.0.11\bin\management_ext.dll
0x00007ffbd4830000 - 0x00007ffbd4848000 	C:\Windows\SYSTEM32\CRYPTSP.dll
0x00007ffbd3f20000 - 0x00007ffbd3f54000 	C:\Windows\system32\rsaenh.dll
0x00007ffbd4d50000 - 0x00007ffbd4d7e000 	C:\Windows\SYSTEM32\USERENV.dll
0x00007ffbd4750000 - 0x00007ffbd475c000 	C:\Windows\SYSTEM32\CRYPTBASE.dll
0x00007ffbc9e40000 - 0x00007ffbc9e57000 	C:\Windows\SYSTEM32\dhcpcsvc6.DLL
0x00007ffbc9ef0000 - 0x00007ffbc9f0d000 	C:\Windows\SYSTEM32\dhcpcsvc.DLL
0x00007ffbbe0e0000 - 0x00007ffbbe0f7000 	C:\Windows\system32\napinsp.dll
0x00007ffbbe0c0000 - 0x00007ffbbe0db000 	C:\Windows\system32\pnrpnsp.dll
0x00007ffbcc8d0000 - 0x00007ffbcc8e5000 	C:\Windows\system32\wshbth.dll
0x00007ffbd0c60000 - 0x00007ffbd0c7d000 	C:\Windows\system32\NLAapi.dll
0x00007ffbbe0a0000 - 0x00007ffbbe0b2000 	C:\Windows\System32\winrnr.dll

dbghelp: loaded successfully - version: 4.0.5 - missing functions: none
symbol engine: initialized successfully - sym options: 0x614 - pdb path: .;C:\Program Files\Java\jdk-11.0.11\bin;C:\Windows\SYSTEM32;C:\Windows\WinSxS\amd64_microsoft.windows.common-controls_6595b64144ccf1df_6.0.19041.1052_none_60b8f8fd71f5e8cb;C:\Program Files\Java\jdk-11.0.11\bin\server

VM Arguments:
jvm_args: -agentlib:jdwp=transport=dt_socket,address=127.0.0.1:59823,suspend=y,server=n -XX:TieredStopAtLevel=1 -Xverify:none -Dspring.output.ansi.enabled=always -javaagent:C:\Users\Asus\AppData\Local\JetBrains\IntelliJIdea2021.1\captureAgent\debugger-agent.jar -Dcom.sun.management.jmxremote -Dspring.jmx.enabled=true -Dspring.liveBeansView.mbeanDomain -Dspring.application.admin.enabled=true -Dfile.encoding=UTF-8 
java_command: com.getir.readingisgood.readingisgood.ReadingIsGoodApplication
java_class_path (initial): C:\Users\Asus\Documents\reading-is-good\target\classes;C:\Users\Asus\.m2\repository\javax\xml\bind\jaxb-api\2.3.0\jaxb-api-2.3.0.jar;C:\Users\Asus\.m2\repository\com\fasterxml\jackson\core\jackson-databind\2.11.1\jackson-databind-2.11.1.jar;C:\Users\Asus\.m2\repository\com\fasterxml\jackson\core\jackson-annotations\2.12.3\jackson-annotations-2.12.3.jar;C:\Users\Asus\.m2\repository\com\fasterxml\jackson\core\jackson-core\2.12.3\jackson-core-2.12.3.jar;C:\Users\Asus\.m2\repository\org\springframework\boot\spring-boot-starter-data-mongodb\2.5.2\spring-boot-starter-data-mongodb-2.5.2.jar;C:\Users\Asus\.m2\repository\org\springframework\boot\spring-boot-starter\2.5.2\spring-boot-starter-2.5.2.jar;C:\Users\Asus\.m2\repository\org\springframework\boot\spring-boot\2.5.2\spring-boot-2.5.2.jar;C:\Users\Asus\.m2\repository\org\springframework\boot\spring-boot-autoconfigure\2.5.2\spring-boot-autoconfigure-2.5.2.jar;C:\Users\Asus\.m2\repository\org\springframework\boot\spring-boot-starter-logging\2.5.2\spring-boot-starter-logging-2.5.2.jar;C:\Users\Asus\.m2\repository\ch\qos\logback\logback-classic\1.2.3\logback-classic-1.2.3.jar;C:\Users\Asus\.m2\repository\ch\qos\logback\logback-core\1.2.3\logback-core-1.2.3.jar;C:\Users\Asus\.m2\repository\org\apache\logging\log4j\log4j-to-slf4j\2.14.1\log4j-to-slf4j-2.14.1.jar;C:\Users\Asus\.m2\repository\org\apache\logging\log4j\log4j-api\2.14.1\log4j-api-2.14.1.jar;C:\Users\Asus\.m2\repository\org\slf4j\jul-to-slf4j\1.7.31\jul-to-slf4j-1.7.31.jar;C:\Users\Asus\.m2\repository\jakarta\annotation\jakarta.annotation-api\1.3.5\jakarta.annotation-api-1.3.5.jar;C:\Users\Asus\.m2\repository\org\yaml\snakeyaml\1.28\snakeyaml-1.28.jar;C:\Users\Asus\.m2\repository\org\mongodb\mongodb-driver-sync\4.2.3\mongodb-driver-sync-4.2.3.jar;C:\Users\Asus\.m2\repository\org\mongodb\bson\4.2.3\bson-4.2.3.jar;C:\Users\Asus\.m2\repository\org\mongodb\mongodb-driver-core\4.2.3\mongodb-driver-core-4.2.3.jar;C:\Users\Asus\.m2\repository\o
Launcher Type: SUN_STANDARD

[Global flags]
     bool BytecodeVerificationLocal                = false                                     {product} {command line}
     bool BytecodeVerificationRemote               = false                                     {product} {command line}
     intx CICompilerCount                          = 4                                         {product} {ergonomic}
     uint ConcGCThreads                            = 2                                         {product} {ergonomic}
     uint G1ConcRefinementThreads                  = 8                                         {product} {ergonomic}
   size_t G1HeapRegionSize                         = 1048576                                   {product} {ergonomic}
    uintx GCDrainStackTargetSize                   = 64                                        {product} {ergonomic}
   size_t InitialHeapSize                          = 201326592                                 {product} {ergonomic}
     bool ManagementServer                         = true                                      {product} {command line}
   size_t MarkStackSize                            = 4194304                                   {product} {ergonomic}
   size_t MaxHeapSize                              = 3193962496                                {product} {ergonomic}
   size_t MaxNewSize                               = 1915748352                                {product} {ergonomic}
   size_t MinHeapDeltaBytes                        = 1048576                                   {product} {ergonomic}
    uintx NonNMethodCodeHeapSize                   = 7549744                                {pd product} {ergonomic}
    uintx NonProfiledCodeHeapSize                  = 244108496                              {pd product} {ergonomic}
    uintx ProfiledCodeHeapSize                     = 0                                      {pd product} {ergonomic}
    uintx ReservedCodeCacheSize                    = 251658240                              {pd product} {ergonomic}
     bool SegmentedCodeCache                       = true                                      {product} {ergonomic}
     intx TieredStopAtLevel                        = 1                                         {product} {command line}
     bool UseCompressedClassPointers               = true                                 {lp64_product} {ergonomic}
     bool UseCompressedOops                        = true                                 {lp64_product} {ergonomic}
     bool UseG1GC                                  = true                                      {product} {ergonomic}
     bool UseLargePagesIndividualAllocation        = false                                  {pd product} {ergonomic}

Logging:
Log output configuration:
 #0: stdout all=warning uptime,level,tags
 #1: stderr all=off uptime,level,tags

Environment Variables:
JAVA_HOME=C:\Program Files\Java\jdk-11.0.11
PATH=C:\Program Files\Common Files\Oracle\Java\javapath;C:\Program Files (x86)\Common Files\Oracle\Java\javapath;C:\Windows\system32;C:\Windows;C:\Windows\System32\Wbem;C:\Windows\System32\WindowsPowerShell\v1.0\;C:\Windows\System32\OpenSSH\;C:\Program Files (x86)\NVIDIA Corporation\PhysX\Common;C:\Program Files\Java\jdk-11.0.11\bin;C:\Program Files\Docker\Docker\resources\bin;C:\ProgramData\DockerDesktop\version-bin;C:\Program Files\Git\cmd;C:\Users\Asus\AppData\Local\Microsoft\WindowsApps;
USERNAME=Asus
OS=Windows_NT
PROCESSOR_IDENTIFIER=Intel64 Family 6 Model 60 Stepping 3, GenuineIntel



---------------  S Y S T E M  ---------------

OS: Windows 10 , 64 bit Build 19041 (10.0.19041.1023)
Hyper-V role detected

CPU:total 8 (initial active 8) (4 cores per cpu, 2 threads per core) family 6 model 60 stepping 3 microcode 0x27, cmov, cx8, fxsr, mmx, sse, sse2, sse3, ssse3, sse4.1, sse4.2, popcnt, avx, avx2, aes, clmul, erms, lzcnt, ht, tsc, tscinvbit, bmi1, bmi2, fma

Memory: 4k page, system-wide physical 12177M (2294M free)
TotalPageFile size 49041M (AvailPageFile size 2M)
current process WorkingSet (physical memory assigned to process): 87M, peak: 87M
current process commit charge ("private bytes"): 288M, peak: 289M

vm_info: Java HotSpot(TM) 64-Bit Server VM (11.0.11+9-LTS-194) for windows-amd64 JRE (11.0.11+9-LTS-194), built on Mar 18 2021 18:46:53 by "mach5one" with MS VC++ 15.9 (VS2017)

END.
